<?xml version="1.0" encoding="UTF-8"?>
<!-- Generated by org.testng.reporters.JUnitReportReporter -->
<testsuite hostname="shavantha-ThinkPad-X1-Carbon-4th" name="org.wso2.identity.scenarios.test.user.mgt.remote.ProvisionUserSOAPServiceTestCase" tests="1" failures="0" timestamp="19 Dec 2018 15:31:47 GMT" time="0.040" errors="0">
  <testcase name="testAddUser" time="0.040" classname="org.wso2.identity.scenarios.test.user.mgt.remote.ProvisionUserSOAPServiceTestCase"/>
</testsuite> <!-- org.wso2.identity.scenarios.test.user.mgt.remote.ProvisionUserSOAPServiceTestCase -->
