<?xml version="1.0" encoding="UTF-8"?>
<!-- Generated by org.testng.reporters.JUnitReportReporter -->
<testsuite hostname="shavantha-ThinkPad-X1-Carbon-4th" name="org.wso2.identity.scenarios.test.scim2.ProvisionUserAdminRightsTestCase" tests="2" failures="0" timestamp="18 Dec 2018 05:26:01 GMT" time="0.458" errors="0">
  <testcase name="testCreateAdminUser" time="0.063" classname="org.wso2.identity.scenarios.test.scim2.ProvisionUserAdminRightsTestCase"/>
  <testcase name="createUser" time="0.395" classname="org.wso2.identity.scenarios.test.scim2.ProvisionUserAdminRightsTestCase"/>
</testsuite> <!-- org.wso2.identity.scenarios.test.scim2.ProvisionUserAdminRightsTestCase -->
