<?xml version="1.0" encoding="UTF-8"?>
<!-- Generated by org.testng.reporters.JUnitReportReporter -->
<testsuite hostname="shavantha-ThinkPad-X1-Carbon-4th" name="org.wso2.identity.scenarios.test.scim.ProvisionUserAdminRightsTestCase" tests="1" failures="0" timestamp="17 Dec 2018 14:02:16 GMT" time="0.026" errors="0">
  <testcase name="testCreateAdminUser" time="0.026" classname="org.wso2.identity.scenarios.test.scim.ProvisionUserAdminRightsTestCase"/>
</testsuite> <!-- org.wso2.identity.scenarios.test.scim.ProvisionUserAdminRightsTestCase -->
